This is pdfTeX, Version 3.14159265-2.6-1.40.20 (TeX Live 2019/Arch Linux) (preloaded format=pdflatex 2019.5.12)  8 JUN 2019 11:14
entering extended mode
 restricted \write18 enabled.
 %&-line parsing enabled.
**documentation.tex
(./documentation.tex
LaTeX2e <2018-12-01>
(/usr/share/texmf-dist/tex/latex/base/article.cls
Document Class: article 2018/09/03 v1.4i Standard LaTeX document class
(/usr/share/texmf-dist/tex/latex/base/size12.clo
File: size12.clo 2018/09/03 v1.4i Standard LaTeX file (size option)
)
\c@part=\count80
\c@section=\count81
\c@subsection=\count82
\c@subsubsection=\count83
\c@paragraph=\count84
\c@subparagraph=\count85
\c@figure=\count86
\c@table=\count87
\abovecaptionskip=\skip41
\belowcaptionskip=\skip42
\bibindent=\dimen102
)
(/usr/share/texmf-dist/tex/latex/polski/polski.sty
Package: polski 2017/05/04 v1.3.4 Polish language package

   Switching to Polish text encoding and Polish maths fonts.
(/usr/share/texmf-dist/tex/latex/base/ot4enc.def
File: ot4enc.def 2018/08/11 v2.0j Standard LaTeX file
Now handling font encoding OT4 ...
... no UTF-8 mapping file for font encoding OT4
)
LaTeX Font Info:    Try loading font information for OT4+cmr on input line 360.


(/usr/share/texmf-dist/tex/latex/polski/ot4cmr.fd
File: ot4cmr.fd 2008/02/24 v1.2.1 Font defs for fonts PL (MW)
)
LaTeX Font Info:    Overwriting math alphabet `\mathbf' in version `normal'
(Font)                  OT1/cmr/bx/n --> OT4/cmr/bx/n on input line 360.
LaTeX Font Info:    Overwriting math alphabet `\mathsf' in version `normal'
(Font)                  OT1/cmss/m/n --> OT4/cmss/m/n on input line 360.
LaTeX Font Info:    Overwriting math alphabet `\mathit' in version `normal'
(Font)                  OT1/cmr/m/it --> OT4/cmr/m/it on input line 360.
LaTeX Font Info:    Overwriting math alphabet `\mathtt' in version `normal'
(Font)                  OT1/cmtt/m/n --> OT4/cmtt/m/n on input line 360.
LaTeX Font Info:    Overwriting math alphabet `\mathsf' in version `bold'
(Font)                  OT1/cmss/bx/n --> OT4/cmss/bx/n on input line 360.
LaTeX Font Info:    Overwriting math alphabet `\mathit' in version `bold'
(Font)                  OT1/cmr/bx/it --> OT4/cmr/bx/it on input line 360.
LaTeX Font Info:    Encoding `OT1' has changed to `OT4' for symbol font
(Font)              `operators' in the math version `normal' on input line 360.

LaTeX Font Info:    Overwriting symbol font `operators' in version `normal'
(Font)                  OT1/cmr/m/n --> OT4/cmr/m/n on input line 360.
LaTeX Font Info:    Overwriting symbol font `letters' in version `normal'
(Font)                  OML/cmm/m/it --> OML/plm/m/it on input line 360.
LaTeX Font Info:    Overwriting symbol font `symbols' in version `normal'
(Font)                  OMS/cmsy/m/n --> OMS/plsy/m/n on input line 360.
LaTeX Font Info:    Overwriting symbol font `largesymbols' in version `normal'
(Font)                  OMX/cmex/m/n --> OMX/plex/m/n on input line 360.
LaTeX Font Info:    Encoding `OT1' has changed to `OT4' for symbol font
(Font)              `operators' in the math version `bold' on input line 360.
LaTeX Font Info:    Overwriting symbol font `operators' in version `bold'
(Font)                  OT1/cmr/bx/n --> OT4/cmr/bx/n on input line 360.
LaTeX Font Info:    Overwriting symbol font `letters' in version `bold'
(Font)                  OML/cmm/b/it --> OML/plm/b/it on input line 360.
LaTeX Font Info:    Overwriting symbol font `symbols' in version `bold'
(Font)                  OMS/cmsy/b/n --> OMS/plsy/b/n on input line 360.
)
(/usr/share/texmf-dist/tex/latex/base/inputenc.sty
Package: inputenc 2018/08/11 v1.3c Input encoding file
\inpenc@prehook=\toks14
\inpenc@posthook=\toks15
)
(/usr/share/texmf-dist/tex/latex/graphics/graphicx.sty
Package: graphicx 2017/06/01 v1.1a Enhanced LaTeX Graphics (DPC,SPQR)

(/usr/share/texmf-dist/tex/latex/graphics/keyval.sty
Package: keyval 2014/10/28 v1.15 key=value parser (DPC)
\KV@toks@=\toks16
)
(/usr/share/texmf-dist/tex/latex/graphics/graphics.sty
Package: graphics 2017/06/25 v1.2c Standard LaTeX Graphics (DPC,SPQR)

(/usr/share/texmf-dist/tex/latex/graphics/trig.sty
Package: trig 2016/01/03 v1.10 sin cos tan (DPC)
)
(/usr/share/texmf-dist/tex/latex/graphics-cfg/graphics.cfg
File: graphics.cfg 2016/06/04 v1.11 sample graphics configuration
)
Package graphics Info: Driver file: pdftex.def on input line 99.

(/usr/share/texmf-dist/tex/latex/graphics-def/pdftex.def
File: pdftex.def 2018/01/08 v1.0l Graphics/color driver for pdftex
))
\Gin@req@height=\dimen103
\Gin@req@width=\dimen104
)
(/usr/share/texmf-dist/tex/latex/hyperref/hyperref.sty
Package: hyperref 2018/11/30 v6.88e Hypertext links for LaTeX

(/usr/share/texmf-dist/tex/generic/oberdiek/hobsub-hyperref.sty
Package: hobsub-hyperref 2016/05/16 v1.14 Bundle oberdiek, subset hyperref (HO)


(/usr/share/texmf-dist/tex/generic/oberdiek/hobsub-generic.sty
Package: hobsub-generic 2016/05/16 v1.14 Bundle oberdiek, subset generic (HO)
Package: hobsub 2016/05/16 v1.14 Construct package bundles (HO)
Package: infwarerr 2016/05/16 v1.4 Providing info/warning/error messages (HO)
Package: ltxcmds 2016/05/16 v1.23 LaTeX kernel commands for general use (HO)
Package: ifluatex 2016/05/16 v1.4 Provides the ifluatex switch (HO)
Package ifluatex Info: LuaTeX not detected.
Package: ifvtex 2016/05/16 v1.6 Detect VTeX and its facilities (HO)
Package ifvtex Info: VTeX not detected.
Package: intcalc 2016/05/16 v1.2 Expandable calculations with integers (HO)
Package: ifpdf 2018/09/07 v3.3 Provides the ifpdf switch
Package: etexcmds 2016/05/16 v1.6 Avoid name clashes with e-TeX commands (HO)
Package: kvsetkeys 2016/05/16 v1.17 Key value parser (HO)
Package: kvdefinekeys 2016/05/16 v1.4 Define keys (HO)
Package: pdftexcmds 2018/09/10 v0.29 Utility functions of pdfTeX for LuaTeX (HO
)
Package pdftexcmds Info: LuaTeX not detected.
Package pdftexcmds Info: \pdf@primitive is available.
Package pdftexcmds Info: \pdf@ifprimitive is available.
Package pdftexcmds Info: \pdfdraftmode found.
Package: pdfescape 2016/05/16 v1.14 Implements pdfTeX's escape features (HO)
Package: bigintcalc 2016/05/16 v1.4 Expandable calculations on big integers (HO
)
Package: bitset 2016/05/16 v1.2 Handle bit-vector datatype (HO)
Package: uniquecounter 2016/05/16 v1.3 Provide unlimited unique counter (HO)
)
Package hobsub Info: Skipping package `hobsub' (already loaded).
Package: letltxmacro 2016/05/16 v1.5 Let assignment for LaTeX macros (HO)
Package: hopatch 2016/05/16 v1.3 Wrapper for package hooks (HO)
Package: xcolor-patch 2016/05/16 xcolor patch
Package: atveryend 2016/05/16 v1.9 Hooks at the very end of document (HO)
Package atveryend Info: \enddocument detected (standard20110627).
Package: atbegshi 2016/06/09 v1.18 At begin shipout hook (HO)
Package: refcount 2016/05/16 v3.5 Data extraction from label references (HO)
Package: hycolor 2016/05/16 v1.8 Color options for hyperref/bookmark (HO)
)
(/usr/share/texmf-dist/tex/generic/ifxetex/ifxetex.sty
Package: ifxetex 2010/09/12 v0.6 Provides ifxetex conditional
)
(/usr/share/texmf-dist/tex/latex/oberdiek/auxhook.sty
Package: auxhook 2016/05/16 v1.4 Hooks for auxiliary files (HO)
)
(/usr/share/texmf-dist/tex/latex/oberdiek/kvoptions.sty
Package: kvoptions 2016/05/16 v3.12 Key value format for package options (HO)
)
\@linkdim=\dimen105
\Hy@linkcounter=\count88
\Hy@pagecounter=\count89

(/usr/share/texmf-dist/tex/latex/hyperref/pd1enc.def
File: pd1enc.def 2018/11/30 v6.88e Hyperref: PDFDocEncoding definition (HO)
Now handling font encoding PD1 ...
... no UTF-8 mapping file for font encoding PD1
)
\Hy@SavedSpaceFactor=\count90

(/usr/share/texmf-dist/tex/latex/latexconfig/hyperref.cfg
File: hyperref.cfg 2002/06/06 v1.2 hyperref configuration of TeXLive
)
Package hyperref Info: Hyper figures OFF on input line 4519.
Package hyperref Info: Link nesting OFF on input line 4524.
Package hyperref Info: Hyper index ON on input line 4527.
Package hyperref Info: Plain pages OFF on input line 4534.
Package hyperref Info: Backreferencing OFF on input line 4539.
Package hyperref Info: Implicit mode ON; LaTeX internals redefined.
Package hyperref Info: Bookmarks ON on input line 4772.
\c@Hy@tempcnt=\count91

(/usr/share/texmf-dist/tex/latex/url/url.sty
\Urlmuskip=\muskip10
Package: url 2013/09/16  ver 3.4  Verb mode for urls, etc.
)
LaTeX Info: Redefining \url on input line 5125.
\XeTeXLinkMargin=\dimen106
\Fld@menulength=\count92
\Field@Width=\dimen107
\Fld@charsize=\dimen108
Package hyperref Info: Hyper figures OFF on input line 6380.
Package hyperref Info: Link nesting OFF on input line 6385.
Package hyperref Info: Hyper index ON on input line 6388.
Package hyperref Info: backreferencing OFF on input line 6395.
Package hyperref Info: Link coloring OFF on input line 6400.
Package hyperref Info: Link coloring with OCG OFF on input line 6405.
Package hyperref Info: PDF/A mode OFF on input line 6410.
LaTeX Info: Redefining \ref on input line 6450.
LaTeX Info: Redefining \pageref on input line 6454.
\Hy@abspage=\count93
\c@Item=\count94
\c@Hfootnote=\count95
)
Package hyperref Info: Driver (autodetected): hpdftex.

(/usr/share/texmf-dist/tex/latex/hyperref/hpdftex.def
File: hpdftex.def 2018/11/30 v6.88e Hyperref driver for pdfTeX
\Fld@listcount=\count96
\c@bookmark@seq@number=\count97

(/usr/share/texmf-dist/tex/latex/oberdiek/rerunfilecheck.sty
Package: rerunfilecheck 2016/05/16 v1.8 Rerun checks for auxiliary files (HO)
Package uniquecounter Info: New unique counter `rerunfilecheck' on input line 2
82.
)
\Hy@SectionHShift=\skip43
)

Package hyperref Warning: Option `pdftex' has already been used,
(hyperref)                setting the option has no effect on input line 7.

Package hyperref Info: Option `colorlinks' set `true' on input line 7.
(/usr/share/texmf-dist/tex/latex/oberdiek/hypcap.sty
Package: hypcap 2016/05/16 v1.12 Adjusting the anchors of captions (HO)
)
(/usr/share/texmf-dist/tex/latex/pdfpages/pdfpages.sty
Package: pdfpages 2017/10/31 v0.5l Insert pages of external PDF documents (AM)

(/usr/share/texmf-dist/tex/latex/base/ifthen.sty
Package: ifthen 2014/09/29 v1.1c Standard LaTeX ifthen package (DPC)
)
(/usr/share/texmf-dist/tex/latex/tools/calc.sty
Package: calc 2017/05/25 v4.3 Infix arithmetic (KKT,FJ)
\calc@Acount=\count98
\calc@Bcount=\count99
\calc@Adimen=\dimen109
\calc@Bdimen=\dimen110
\calc@Askip=\skip44
\calc@Bskip=\skip45
LaTeX Info: Redefining \setlength on input line 80.
LaTeX Info: Redefining \addtolength on input line 81.
\calc@Ccount=\count100
\calc@Cskip=\skip46
)
(/usr/share/texmf-dist/tex/latex/eso-pic/eso-pic.sty
Package: eso-pic 2018/04/12 v2.0h eso-pic (RN)

(/usr/share/texmf-dist/tex/latex/xcolor/xcolor.sty
Package: xcolor 2016/05/11 v2.12 LaTeX color extensions (UK)

(/usr/share/texmf-dist/tex/latex/graphics-cfg/color.cfg
File: color.cfg 2016/01/02 v1.6 sample color configuration
)
Package xcolor Info: Driver file: pdftex.def on input line 225.
Package xcolor Info: Model `cmy' substituted by `cmy0' on input line 1348.
Package xcolor Info: Model `hsb' substituted by `rgb' on input line 1352.
Package xcolor Info: Model `RGB' extended on input line 1364.
Package xcolor Info: Model `HTML' substituted by `rgb' on input line 1366.
Package xcolor Info: Model `Hsb' substituted by `hsb' on input line 1367.
Package xcolor Info: Model `tHsb' substituted by `hsb' on input line 1368.
Package xcolor Info: Model `HSB' substituted by `hsb' on input line 1369.
Package xcolor Info: Model `Gray' substituted by `gray' on input line 1370.
Package xcolor Info: Model `wave' substituted by `hsb' on input line 1371.
))
\AM@pagewidth=\dimen111
\AM@pageheight=\dimen112

(/usr/share/texmf-dist/tex/latex/pdfpages/pppdftex.def
File: pppdftex.def 2017/10/31 v0.5l Pdfpages driver for pdfTeX (AM)
)
\AM@pagebox=\box27
\AM@global@opts=\toks17
\AM@toc@title=\toks18
\c@AM@survey=\count101
\AM@templatesizebox=\box28
) (./documentation.aux)
\openout1 = `documentation.aux'.

LaTeX Font Info:    Checking defaults for OML/cmm/m/it on input line 13.
LaTeX Font Info:    ... okay on input line 13.
LaTeX Font Info:    Checking defaults for T1/cmr/m/n on input line 13.
LaTeX Font Info:    ... okay on input line 13.
LaTeX Font Info:    Checking defaults for OT1/cmr/m/n on input line 13.
LaTeX Font Info:    ... okay on input line 13.
LaTeX Font Info:    Checking defaults for OMS/cmsy/m/n on input line 13.
LaTeX Font Info:    ... okay on input line 13.
LaTeX Font Info:    Checking defaults for OMX/cmex/m/n on input line 13.
LaTeX Font Info:    ... okay on input line 13.
LaTeX Font Info:    Checking defaults for U/cmr/m/n on input line 13.
LaTeX Font Info:    ... okay on input line 13.
LaTeX Font Info:    Checking defaults for OT4/cmr/m/n on input line 13.
LaTeX Font Info:    ... okay on input line 13.
LaTeX Font Info:    Checking defaults for PD1/pdf/m/n on input line 13.
LaTeX Font Info:    ... okay on input line 13.

(/usr/share/texmf-dist/tex/context/base/mkii/supp-pdf.mkii
[Loading MPS to PDF converter (version 2006.09.02).]
\scratchcounter=\count102
\scratchdimen=\dimen113
\scratchbox=\box29
\nofMPsegments=\count103
\nofMParguments=\count104
\everyMPshowfont=\toks19
\MPscratchCnt=\count105
\MPscratchDim=\dimen114
\MPnumerator=\count106
\makeMPintoPDFobject=\count107
\everyMPtoPDFconversion=\toks20
) (/usr/share/texmf-dist/tex/latex/oberdiek/epstopdf-base.sty
Package: epstopdf-base 2016/05/15 v2.6 Base part for package epstopdf

(/usr/share/texmf-dist/tex/latex/oberdiek/grfext.sty
Package: grfext 2016/05/16 v1.2 Manage graphics extensions (HO)
)
Package epstopdf-base Info: Redefining graphics rule for `.eps' on input line 4
38.
Package grfext Info: Graphics extension search list:
(grfext)             [.pdf,.png,.jpg,.mps,.jpeg,.jbig2,.jb2,.PDF,.PNG,.JPG,.JPE
G,.JBIG2,.JB2,.eps]
(grfext)             \AppendGraphicsExtensions on input line 456.

(/usr/share/texmf-dist/tex/latex/latexconfig/epstopdf-sys.cfg
File: epstopdf-sys.cfg 2010/07/13 v1.3 Configuration of (r)epstopdf for TeX Liv
e
))
\AtBeginShipoutBox=\box30
Package hyperref Info: Link coloring ON on input line 13.

(/usr/share/texmf-dist/tex/latex/hyperref/nameref.sty
Package: nameref 2016/05/21 v2.44 Cross-referencing by name of section

(/usr/share/texmf-dist/tex/generic/oberdiek/gettitlestring.sty
Package: gettitlestring 2016/05/16 v1.5 Cleanup title references (HO)
)
\c@section@level=\count108
)
LaTeX Info: Redefining \ref on input line 13.
LaTeX Info: Redefining \pageref on input line 13.
LaTeX Info: Redefining \nameref on input line 13.

(./documentation.out) (./documentation.out)
\@outlinefile=\write3
\openout3 = `documentation.out'.


(/usr/share/texmf-dist/tex/latex/oberdiek/pdflscape.sty
Package: pdflscape 2016/05/14 v0.11 Display of landscape pages in PDF (HO)

(/usr/share/texmf-dist/tex/latex/graphics/lscape.sty
Package: lscape 2000/10/22 v3.01 Landscape Pages (DPC)
)
Package pdflscape Info: Auto-detected driver: pdftex on input line 81.
)
LaTeX Font Info:    Try loading font information for OML+plm on input line 15.

(/usr/share/texmf-dist/tex/latex/polski/omlplm.fd
File: omlplm.fd 2008/02/24 v1.2.1 Font defs for fonts PL (MW)
)
LaTeX Font Info:    Try loading font information for OMS+plsy on input line 15.


(/usr/share/texmf-dist/tex/latex/polski/omsplsy.fd
File: omsplsy.fd 2008/02/24 v1.2.1 Font defs for fonts PL (MW)
)
LaTeX Font Info:    Try loading font information for OMX+plex on input line 15.


(/usr/share/texmf-dist/tex/latex/polski/omxplex.fd
File: omxplex.fd 2008/02/24 v1.2.1 Font defs for fonts PL (MW)
)
LaTeX Font Info:    External font `plex10' loaded for size
(Font)              <14.4> on input line 15.
LaTeX Font Info:    External font `plex10' loaded for size
(Font)              <10> on input line 15.
LaTeX Font Info:    External font `plex10' loaded for size
(Font)              <7> on input line 15.
 (./documentation.toc
LaTeX Font Info:    External font `plex10' loaded for size
(Font)              <12> on input line 4.
LaTeX Font Info:    External font `plex10' loaded for size
(Font)              <8> on input line 4.
LaTeX Font Info:    External font `plex10' loaded for size
(Font)              <6> on input line 4.

[1

{/var/lib/texmf/fonts/map/pdftex/updmap/pdftex.map}])
\tf@toc=\write4
\openout4 = `documentation.toc'.

 [2]
Underfull \hbox (badness 10000) in paragraph at lines 18--19

 []


Underfull \hbox (badness 10000) in paragraph at lines 21--28

 []


Underfull \hbox (badness 10000) in paragraph at lines 21--28

 []

[3]
<g.png, id=188, 715.17188pt x 499.11469pt>
File: g.png Graphic file (type png)
<use g.png>
Package pdftex.def Info: g.png  used on input line 35.
(pdftex.def)             Requested size: 341.43306pt x 238.28523pt.

Underfull \hbox (badness 10000) in paragraph at lines 38--39

 []

[4 <./g.PNG>]
<b.png, id=196, 715.17188pt x 499.11469pt>
File: b.png Graphic file (type png)
<use b.png>
Package pdftex.def Info: b.png  used on input line 42.
(pdftex.def)             Requested size: 341.43306pt x 238.28523pt.

Underfull \hbox (badness 10000) in paragraph at lines 45--46

 []

[5 <./b.PNG>]
<k.png, id=203, 715.17188pt x 499.11469pt>
File: k.png Graphic file (type png)
<use k.png>
Package pdftex.def Info: k.png  used on input line 52.
(pdftex.def)             Requested size: 312.9803pt x 218.43066pt.
<../Doxygen/latex/refman.pdf, id=204, 597.50829pt x 845.0471pt>
File: ../Doxygen/latex/refman.pdf Graphic file (type pdf)
<use ../Doxygen/latex/refman.pdf>
Package pdftex.def Info: ../Doxygen/latex/refman.pdf  used on input line 59.
(pdftex.def)             Requested size: 597.50682pt x 845.04504pt.
File: ../Doxygen/latex/refman.pdf Graphic file (type pdf)
<use ../Doxygen/latex/refman.pdf>
Package pdftex.def Info: ../Doxygen/latex/refman.pdf  used on input line 59.
(pdftex.def)             Requested size: 597.50682pt x 845.04504pt.
<../Doxygen/latex/refman.pdf, id=207, page=13, 597.50829pt x 845.0471pt>
File: ../Doxygen/latex/refman.pdf Graphic file (type pdf)
<use ../Doxygen/latex/refman.pdf, page 13>
Package pdftex.def Info: ../Doxygen/latex/refman.pdf , page13 used on input lin
e 59.
(pdftex.def)             Requested size: 597.50682pt x 845.04504pt.
File: ../Doxygen/latex/refman.pdf Graphic file (type pdf)
<use ../Doxygen/latex/refman.pdf, page 13>
Package pdftex.def Info: ../Doxygen/latex/refman.pdf , page13 used on input lin
e 59.
(pdftex.def)             Requested size: 562.12285pt x 795.00201pt.
 [6 <./k.PNG>] [7]
File: ../Doxygen/latex/refman.pdf Graphic file (type pdf)
<use ../Doxygen/latex/refman.pdf, page 13>
Package pdftex.def Info: ../Doxygen/latex/refman.pdf , page13 used on input lin
e 59.
(pdftex.def)             Requested size: 562.12285pt x 795.00201pt.
File: ../Doxygen/latex/refman.pdf Graphic file (type pdf)
<use ../Doxygen/latex/refman.pdf, page 13>
Package pdftex.def Info: ../Doxygen/latex/refman.pdf , page13 used on input lin
e 59.
(pdftex.def)             Requested size: 562.12285pt x 795.00201pt.
File: ../Doxygen/latex/refman.pdf Graphic file (type pdf)
<use ../Doxygen/latex/refman.pdf, page 13>
Package pdftex.def Info: ../Doxygen/latex/refman.pdf , page13 used on input lin
e 59.
(pdftex.def)             Requested size: 562.12285pt x 795.00201pt.
 [8 <../Doxygen/latex/refman.pdf>]
<../Doxygen/latex/refman.pdf, id=265, page=14, 597.50829pt x 845.0471pt>
File: ../Doxygen/latex/refman.pdf Graphic file (type pdf)
<use ../Doxygen/latex/refman.pdf, page 14>
Package pdftex.def Info: ../Doxygen/latex/refman.pdf , page14 used on input lin
e 59.
(pdftex.def)             Requested size: 562.12285pt x 795.00201pt.
File: ../Doxygen/latex/refman.pdf Graphic file (type pdf)
<use ../Doxygen/latex/refman.pdf, page 14>
Package pdftex.def Info: ../Doxygen/latex/refman.pdf , page14 used on input lin
e 59.
(pdftex.def)             Requested size: 562.12285pt x 795.00201pt.
File: ../Doxygen/latex/refman.pdf Graphic file (type pdf)
<use ../Doxygen/latex/refman.pdf, page 14>
Package pdftex.def Info: ../Doxygen/latex/refman.pdf , page14 used on input lin
e 59.
(pdftex.def)             Requested size: 562.12285pt x 795.00201pt.
 [9 <../Doxygen/latex/refman.pdf>]
<../Doxygen/latex/refman.pdf, id=280, page=15, 597.50829pt x 845.0471pt>
File: ../Doxygen/latex/refman.pdf Graphic file (type pdf)
<use ../Doxygen/latex/refman.pdf, page 15>
Package pdftex.def Info: ../Doxygen/latex/refman.pdf , page15 used on input lin
e 59.
(pdftex.def)             Requested size: 562.12285pt x 795.00201pt.
File: ../Doxygen/latex/refman.pdf Graphic file (type pdf)
<use ../Doxygen/latex/refman.pdf, page 15>
Package pdftex.def Info: ../Doxygen/latex/refman.pdf , page15 used on input lin
e 59.
(pdftex.def)             Requested size: 562.12285pt x 795.00201pt.
File: ../Doxygen/latex/refman.pdf Graphic file (type pdf)
<use ../Doxygen/latex/refman.pdf, page 15>
Package pdftex.def Info: ../Doxygen/latex/refman.pdf , page15 used on input lin
e 59.
(pdftex.def)             Requested size: 562.12285pt x 795.00201pt.
 [10 <../Doxygen/latex/refman.pdf>]
<../Doxygen/latex/refman.pdf, id=285, page=16, 597.50829pt x 845.0471pt>
File: ../Doxygen/latex/refman.pdf Graphic file (type pdf)
<use ../Doxygen/latex/refman.pdf, page 16>
Package pdftex.def Info: ../Doxygen/latex/refman.pdf , page16 used on input lin
e 59.
(pdftex.def)             Requested size: 562.12285pt x 795.00201pt.
File: ../Doxygen/latex/refman.pdf Graphic file (type pdf)
<use ../Doxygen/latex/refman.pdf, page 16>
Package pdftex.def Info: ../Doxygen/latex/refman.pdf , page16 used on input lin
e 59.
(pdftex.def)             Requested size: 562.12285pt x 795.00201pt.
File: ../Doxygen/latex/refman.pdf Graphic file (type pdf)
<use ../Doxygen/latex/refman.pdf, page 16>
Package pdftex.def Info: ../Doxygen/latex/refman.pdf , page16 used on input lin
e 59.
(pdftex.def)             Requested size: 562.12285pt x 795.00201pt.
 [11 <../Doxygen/latex/refman.pdf>]
<../Doxygen/latex/refman.pdf, id=296, page=17, 597.50829pt x 845.0471pt>
File: ../Doxygen/latex/refman.pdf Graphic file (type pdf)
<use ../Doxygen/latex/refman.pdf, page 17>
Package pdftex.def Info: ../Doxygen/latex/refman.pdf , page17 used on input lin
e 59.
(pdftex.def)             Requested size: 562.12285pt x 795.00201pt.
File: ../Doxygen/latex/refman.pdf Graphic file (type pdf)
<use ../Doxygen/latex/refman.pdf, page 17>
Package pdftex.def Info: ../Doxygen/latex/refman.pdf , page17 used on input lin
e 59.
(pdftex.def)             Requested size: 562.12285pt x 795.00201pt.
File: ../Doxygen/latex/refman.pdf Graphic file (type pdf)
<use ../Doxygen/latex/refman.pdf, page 17>
Package pdftex.def Info: ../Doxygen/latex/refman.pdf , page17 used on input lin
e 59.
(pdftex.def)             Requested size: 562.12285pt x 795.00201pt.
 [12 <../Doxygen/latex/refman.pdf>]
<../Doxygen/latex/refman.pdf, id=301, page=18, 597.50829pt x 845.0471pt>
File: ../Doxygen/latex/refman.pdf Graphic file (type pdf)
<use ../Doxygen/latex/refman.pdf, page 18>
Package pdftex.def Info: ../Doxygen/latex/refman.pdf , page18 used on input lin
e 59.
(pdftex.def)             Requested size: 562.12285pt x 795.00201pt.
File: ../Doxygen/latex/refman.pdf Graphic file (type pdf)
<use ../Doxygen/latex/refman.pdf, page 18>
Package pdftex.def Info: ../Doxygen/latex/refman.pdf , page18 used on input lin
e 59.
(pdftex.def)             Requested size: 562.12285pt x 795.00201pt.
File: ../Doxygen/latex/refman.pdf Graphic file (type pdf)
<use ../Doxygen/latex/refman.pdf, page 18>
Package pdftex.def Info: ../Doxygen/latex/refman.pdf , page18 used on input lin
e 59.
(pdftex.def)             Requested size: 562.12285pt x 795.00201pt.
 [13 <../Doxygen/latex/refman.pdf>]
<../Doxygen/latex/refman.pdf, id=307, page=19, 597.50829pt x 845.0471pt>
File: ../Doxygen/latex/refman.pdf Graphic file (type pdf)
<use ../Doxygen/latex/refman.pdf, page 19>
Package pdftex.def Info: ../Doxygen/latex/refman.pdf , page19 used on input lin
e 59.
(pdftex.def)             Requested size: 562.12285pt x 795.00201pt.
File: ../Doxygen/latex/refman.pdf Graphic file (type pdf)
<use ../Doxygen/latex/refman.pdf, page 19>
Package pdftex.def Info: ../Doxygen/latex/refman.pdf , page19 used on input lin
e 59.
(pdftex.def)             Requested size: 562.12285pt x 795.00201pt.
File: ../Doxygen/latex/refman.pdf Graphic file (type pdf)
<use ../Doxygen/latex/refman.pdf, page 19>
Package pdftex.def Info: ../Doxygen/latex/refman.pdf , page19 used on input lin
e 59.
(pdftex.def)             Requested size: 562.12285pt x 795.00201pt.
 [14 <../Doxygen/latex/refman.pdf>]
<../Doxygen/latex/refman.pdf, id=312, page=20, 597.50829pt x 845.0471pt>
File: ../Doxygen/latex/refman.pdf Graphic file (type pdf)
<use ../Doxygen/latex/refman.pdf, page 20>
Package pdftex.def Info: ../Doxygen/latex/refman.pdf , page20 used on input lin
e 59.
(pdftex.def)             Requested size: 562.12285pt x 795.00201pt.
File: ../Doxygen/latex/refman.pdf Graphic file (type pdf)
<use ../Doxygen/latex/refman.pdf, page 20>
Package pdftex.def Info: ../Doxygen/latex/refman.pdf , page20 used on input lin
e 59.
(pdftex.def)             Requested size: 562.12285pt x 795.00201pt.
File: ../Doxygen/latex/refman.pdf Graphic file (type pdf)
<use ../Doxygen/latex/refman.pdf, page 20>
Package pdftex.def Info: ../Doxygen/latex/refman.pdf , page20 used on input lin
e 59.
(pdftex.def)             Requested size: 562.12285pt x 795.00201pt.
 [15 <../Doxygen/latex/refman.pdf>]
<../Doxygen/latex/refman.pdf, id=317, page=21, 597.50829pt x 845.0471pt>
File: ../Doxygen/latex/refman.pdf Graphic file (type pdf)
<use ../Doxygen/latex/refman.pdf, page 21>
Package pdftex.def Info: ../Doxygen/latex/refman.pdf , page21 used on input lin
e 59.
(pdftex.def)             Requested size: 562.12285pt x 795.00201pt.
File: ../Doxygen/latex/refman.pdf Graphic file (type pdf)
<use ../Doxygen/latex/refman.pdf, page 21>
Package pdftex.def Info: ../Doxygen/latex/refman.pdf , page21 used on input lin
e 59.
(pdftex.def)             Requested size: 562.12285pt x 795.00201pt.
File: ../Doxygen/latex/refman.pdf Graphic file (type pdf)
<use ../Doxygen/latex/refman.pdf, page 21>
Package pdftex.def Info: ../Doxygen/latex/refman.pdf , page21 used on input lin
e 59.
(pdftex.def)             Requested size: 562.12285pt x 795.00201pt.

[16 <../Doxygen/latex/refman.pdf>]
Package atveryend Info: Empty hook `BeforeClearDocument' on input line 67.
 [17]
Package atveryend Info: Empty hook `AfterLastShipout' on input line 67.
 (./documentation.aux)
Package atveryend Info: Executing hook `AtVeryEndDocument' on input line 67.
Package atveryend Info: Executing hook `AtEndAfterFileList' on input line 67.


Package rerunfilecheck Warning: File `documentation.out' has changed.
(rerunfilecheck)                Rerun to get outlines right
(rerunfilecheck)                or use package `bookmark'.

Package rerunfilecheck Info: Checksums for `documentation.out':
(rerunfilecheck)             Before: 37BDBE5EA908638024BCCD1DB0040A15;2518
(rerunfilecheck)             After:  5C739DC20098377797715659082B6CEC;645.
Package atveryend Info: Empty hook `AtVeryVeryEnd' on input line 67.
 ) 
Here is how much of TeX's memory you used:
 6576 strings out of 492623
 96789 string characters out of 6135669
 193058 words of memory out of 5000000
 10349 multiletter control sequences out of 15000+600000
 14142 words of font info for 40 fonts, out of 8000000 for 9000
 1141 hyphenation exceptions out of 8191
 40i,18n,46p,939b,457s stack positions out of 5000i,500n,10000p,200000b,80000s
pdfTeX warning (dest): name{subsection.5.2} has been referenced but does not 
exist, replaced by a fixed one

pdfTeX warning (dest): name{subsection.5.1} has been referenced but does not ex
ist, replaced by a fixed one

pdfTeX warning (dest): name{subsubsection.4.2.7} has been referenced but does n
ot exist, replaced by a fixed one

pdfTeX warning (dest): name{subsubsection.4.2.6} has been referenced but does n
ot exist, replaced by a fixed one

pdfTeX warning (dest): name{subsubsection.4.2.5} has been referenced but does n
ot exist, replaced by a fixed one

pdfTeX warning (dest): name{subsubsection.4.2.4} has been referenced but does n
ot exist, replaced by a fixed one

pdfTeX warning (dest): name{subsubsection.4.2.3} has been referenced but does n
ot exist, replaced by a fixed one

pdfTeX warning (dest): name{subsubsection.4.2.2} has been referenced but does n
ot exist, replaced by a fixed one

pdfTeX warning (dest): name{subsubsection.4.2.1} has been referenced but does n
ot exist, replaced by a fixed one

pdfTeX warning (dest): name{subsection.4.2} has been referenced but does not ex
ist, replaced by a fixed one

pdfTeX warning (dest): name{subsection.4.1} has been referenced but does not ex
ist, replaced by a fixed one

pdfTeX warning (dest): name{subsubsection.3.4.13} has been referenced but does 
not exist, replaced by a fixed one

pdfTeX warning (dest): name{subsubsection.3.4.12} has been referenced but does 
not exist, replaced by a fixed one

pdfTeX warning (dest): name{subsubsection.3.4.11} has been referenced but does 
not exist, replaced by a fixed one

pdfTeX warning (dest): name{subsubsection.3.4.10} has been referenced but does 
not exist, replaced by a fixed one

pdfTeX warning (dest): name{subsubsection.3.4.9} has been referenced but does n
ot exist, replaced by a fixed one

pdfTeX warning (dest): name{subsubsection.3.4.8} has been referenced but does n
ot exist, replaced by a fixed one

pdfTeX warning (dest): name{subsubsection.3.4.7} has been referenced but does n
ot exist, replaced by a fixed one

pdfTeX warning (dest): name{subsubsection.3.4.6} has been referenced but does n
ot exist, replaced by a fixed one

pdfTeX warning (dest): name{subsubsection.3.4.5} has been referenced but does n
ot exist, replaced by a fixed one

pdfTeX warning (dest): name{subsubsection.3.4.4} has been referenced but does n
ot exist, replaced by a fixed one

pdfTeX warning (dest): name{subsubsection.3.4.3} has been referenced but does n
ot exist, replaced by a fixed one

pdfTeX warning (dest): name{subsubsection.3.4.2} has been referenced but does n
ot exist, replaced by a fixed one

pdfTeX warning (dest): name{subsubsection.3.4.1} has been referenced but does n
ot exist, replaced by a fixed one

pdfTeX warning (dest): name{subsection.3.4} has been referenced but does not ex
ist, replaced by a fixed one

{/usr/share/texmf-dist/fonts/enc/dvips/pl/plit.enc}{/usr/share/texmf-dist/fonts
/enc/dvips/pl/plrm.enc}</usr/share/texmf-dist/fonts/type1/public/amsfonts/cm/cm
mi10.pfb></usr/share/texmf-dist/fonts/type1/public/amsfonts/cm/cmsy10.pfb></usr
/share/texmf-dist/fonts/type1/public/amsfonts/cm/cmsy8.pfb></usr/share/texmf-di
st/fonts/type1/public/pl/plbx12.pfb></usr/share/texmf-dist/fonts/type1/public/p
l/plr12.pfb></usr/share/texmf-dist/fonts/type1/public/pl/plr17.pfb></usr/share/
texmf-dist/fonts/type1/public/pl/plti12.pfb></usr/share/texmf-dist/fonts/type1/
urw/courier/ucrr8a.pfb></usr/share/texmf-dist/fonts/type1/urw/courier/ucrro8a.p
fb></usr/share/texmf-dist/fonts/type1/urw/helvetic/uhvb8a.pfb></usr/share/texmf
-dist/fonts/type1/urw/helvetic/uhvb8ac.pfb></usr/share/texmf-dist/fonts/type1/u
rw/helvetic/uhvr8a.pfb></usr/share/texmf-dist/fonts/type1/urw/helvetic/uhvro8a.
pfb>
Output written on documentation.pdf (17 pages, 1381328 bytes).
PDF statistics:
 372 PDF objects out of 1000 (max. 8388607)
 314 compressed objects within 4 object streams
 58 named destinations out of 1000 (max. 500000)
 340 words of extra memory for PDF output out of 10000 (max. 10000000)

